2025-01-05T14:43:26 | touched: test/Forgehardhatkit.test.js
2026-01-29T05:07:12 | touched: test/Forgehardhatkit.test.js
2026-01-02T23:53:52 | touched: contracts/Forgehardhatkit.sol
2025-06-29T01:47:40 | touched: contracts/Forgehardhatkit.sol
2025-06-28T23:42:20 | touched: test/Forgehardhatkit.test.js
2025-10-29T15:03:47 | touched: README.md
2025-06-03T10:17:16 | touched: contracts/Forgehardhatkit.sol
2026-01-07T03:49:46 | touched: README.md
2026-01-12T06:34:26 | touched: README.md
2026-01-24T21:43:07 | touched: LICENSE
2026-01-16T00:03:15 | touched: .env.example
2026-01-27T17:56:17 | touched: test/Forgehardhatkit.test.js
2026-01-28T00:26:54 | touched: hardhat.config.js
2025-04-21T04:56:10 | touched: test/Forgehardhatkit.test.js
2026-01-23T20:34:51 | touched: hardhat.config.js
2025-11-03T20:28:19 | touched: test/Forgehardhatkit.test.js
2025-10-09T12:37:03 | touched: hardhat.config.js
2024-06-29T17:08:42 | touched: README.md
2025-12-29T16:24:44 | touched: test/Forgehardhatkit.test.js
2025-01-27T18:29:57 | touched: LICENSE
2025-02-23T00:03:01 | touched: scripts/deploy.js
2025-07-17T19:29:35 | touched: .env.example
2025-09-29T21:54:41 | touched: README.md
2025-03-09T16:09:28 | touched: test/Forgehardhatkit.test.js
2025-08-17T19:43:59 | touched: LICENSE
2025-06-11T10:11:47 | touched: .env.example
2025-01-05T03:19:18 | touched: LICENSE
2025-06-30T13:39:15 | touched: test/Forgehardhatkit.test.js
2025-10-25T02:05:16 | touched: test/Forgehardhatkit.test.js
